<?xml version="1.0" encoding="UTF-8"?>
<!-- Generated by org.testng.reporters.JUnitReportReporter -->
<testsuite hostname="WINDOWS-R8SKFHD" failures="0" tests="2" name="com.qa.shopclues.Tests.shopclues_LoginPageTest" time="34.884" errors="0" timestamp="27 Nov 2021 07:11:23 GMT" skipped="0">
  <testcase classname="com.qa.shopclues.Tests.shopclues_LoginPageTest" name="ValidateTitleTest" time="0.021"/>
  <testcase classname="com.qa.shopclues.Tests.shopclues_LoginPageTest" name="LoginTest" time="34.863"/>
</testsuite> <!-- com.qa.shopclues.Tests.shopclues_LoginPageTest -->
