<?xml version="1.0" encoding="UTF-8"?>
<!-- Generated by org.testng.reporters.JUnitReportReporter -->
<testsuite hostname="WINDOWS-R8SKFHD" failures="0" tests="2" name="com.qa.shopclues.Tests.shopclues_MainTest" time="120.980" errors="0" timestamp="27 Nov 2021 10:09:47 GMT" skipped="0">
  <testcase classname="com.qa.shopclues.Tests.shopclues_MainTest" name="setup" time="118.832"/>
  <testcase classname="com.qa.shopclues.Tests.shopclues_MainTest" name="closeTest" time="2.148"/>
</testsuite> <!-- com.qa.shopclues.Tests.shopclues_MainTest -->
