<?xml version="1.0" encoding="UTF-8"?>
<!-- Generated by org.testng.reporters.JUnitReportReporter -->
<testsuite hostname="WINDOWS-R8SKFHD" failures="0" tests="2" name="com.qa.shopclues.Tests.shoeclues_SearchHeadphonesTest" time="24.997" errors="0" timestamp="27 Nov 2021 08:20:13 GMT" skipped="0">
  <testcase classname="com.qa.shopclues.Tests.shoeclues_SearchHeadphonesTest" name="ValidateTitleTest" time="0.033"/>
  <testcase classname="com.qa.shopclues.Tests.shoeclues_SearchHeadphonesTest" name="shoeNamePriceTest" time="24.964"/>
</testsuite> <!-- com.qa.shopclues.Tests.shoeclues_SearchHeadphonesTest -->
