<?xml version="1.0" encoding="UTF-8"?>
<!-- Generated by org.testng.reporters.JUnitReportReporter -->
<testsuite hostname="WINDOWS-R8SKFHD" failures="0" tests="2" name="com.qa.shopclues.Tests.shopclues_ShoeNamePriceTest" time="28.091" errors="0" timestamp="29 Nov 2021 06:31:50 GMT" skipped="0">
  <testcase classname="com.qa.shopclues.Tests.shopclues_ShoeNamePriceTest" name="ValidateTitleTest" time="0.020"/>
  <testcase classname="com.qa.shopclues.Tests.shopclues_ShoeNamePriceTest" name="shoeNamePriceTest" time="28.071"/>
</testsuite> <!-- com.qa.shopclues.Tests.shopclues_ShoeNamePriceTest -->
