<?xml version="1.0" encoding="UTF-8"?>
<!-- Generated by org.testng.reporters.JUnitReportReporter -->
<testsuite hostname="WINDOWS-R8SKFHD" failures="0" tests="2" name="com.qa.shopclues.Tests.shoeclues_SearchShoesTest" time="20.507" errors="0" timestamp="29 Nov 2021 05:43:00 GMT" skipped="0">
  <testcase classname="com.qa.shopclues.Tests.shoeclues_SearchShoesTest" name="ValidateTitleTest" time="0.045"/>
  <testcase classname="com.qa.shopclues.Tests.shoeclues_SearchShoesTest" name="LoginTest" time="20.462"/>
</testsuite> <!-- com.qa.shopclues.Tests.shoeclues_SearchShoesTest -->
