<?xml version="1.0" encoding="UTF-8"?>
<!-- Generated by org.testng.reporters.JUnitReportReporter -->
<testsuite hostname="WINDOWS-R8SKFHD" failures="0" tests="2" name="com.qa.shopclues.Tests.shopclues_SearchHeadphonesTest" time="26.002" errors="0" timestamp="29 Nov 2021 06:31:50 GMT" skipped="0">
  <testcase classname="com.qa.shopclues.Tests.shopclues_SearchHeadphonesTest" name="ValidateTitleTest" time="0.009"/>
  <testcase classname="com.qa.shopclues.Tests.shopclues_SearchHeadphonesTest" name="headphoneTest" time="25.993"/>
</testsuite> <!-- com.qa.shopclues.Tests.shopclues_SearchHeadphonesTest -->
