<?xml version="1.0" encoding="UTF-8"?>
<!-- Generated by org.testng.reporters.JUnitReportReporter -->
<testsuite hostname="WINDOWS-R8SKFHD" failures="0" tests="2" name="com.qa.shopclues.Tests.shopclues_SearchShoesTest" time="20.471" errors="0" timestamp="29 Nov 2021 06:31:50 GMT" skipped="0">
  <testcase classname="com.qa.shopclues.Tests.shopclues_SearchShoesTest" name="ValidateTitleTest" time="0.009"/>
  <testcase classname="com.qa.shopclues.Tests.shopclues_SearchShoesTest" name="LoginTest" time="20.462"/>
</testsuite> <!-- com.qa.shopclues.Tests.shopclues_SearchShoesTest -->
