<?xml version="1.0" encoding="UTF-8"?>
<!-- Generated by org.testng.reporters.JUnitReportReporter -->
<testsuite hostname="WINDOWS-R8SKFHD" failures="0" tests="2" name="com.qa.shopclues.Tests.shopclues_ShoeNamePriceTest" time="22.060" errors="0" timestamp="27 Nov 2021 08:02:49 GMT" skipped="0">
  <testcase classname="com.qa.shopclues.Tests.shopclues_ShoeNamePriceTest" name="ValidateTitleTest" time="0.050"/>
  <testcase classname="com.qa.shopclues.Tests.shopclues_ShoeNamePriceTest" name="shoeNamePriceTest" time="22.010"/>
</testsuite> <!-- com.qa.shopclues.Tests.shopclues_ShoeNamePriceTest -->
