<?xml version="1.0" encoding="UTF-8"?>
<!-- Generated by org.testng.reporters.JUnitReportReporter -->
<testsuite hostname="WINDOWS-R8SKFHD" failures="0" tests="2" name="com.qa.shopclues.Tests.Test1" time="18.208" errors="0" timestamp="27 Nov 2021 07:38:42 GMT" skipped="0">
  <testcase classname="com.qa.shopclues.Tests.Test1" name="ValidateTitleTest" time="0.027"/>
  <testcase classname="com.qa.shopclues.Tests.Test1" name="LoginTest" time="18.181"/>
</testsuite> <!-- com.qa.shopclues.Tests.Test1 -->
