<?xml version="1.0" encoding="UTF-8"?>
<!-- Generated by org.testng.reporters.JUnitReportReporter -->
<testsuite hostname="WINDOWS-R8SKFHD" failures="0" tests="2" name="com.qa.shopclues.Tests.shoeclues_SearchShoesTest" time="18.267" errors="0" timestamp="27 Nov 2021 07:43:31 GMT" skipped="0">
  <testcase classname="com.qa.shopclues.Tests.shoeclues_SearchShoesTest" name="ValidateTitleTest" time="0.041"/>
  <testcase classname="com.qa.shopclues.Tests.shoeclues_SearchShoesTest" name="LoginTest" time="18.226"/>
</testsuite> <!-- com.qa.shopclues.Tests.shoeclues_SearchShoesTest -->
